20200823

 - Change: Corrected healthcheck missing NIC logic
 - Change: Added startup delay to wait for VPN tunnel adapter

20200806

 - Change: Added healthcheck condition to check network card presence

20200508

 - Removal: HTTPS now removed. HTTPS encryption now handled by the NGINX reverse proxy which is part of the stack (boredazfcuk/steve). Container should not be accessible from outside the Docker network, so encrypting traffic to/from NGINX is just unneccesary overhead

20200421

 - Change: Broke up nzbToMedia configuration function. Now installs in one function, configures general settings in another. External apps have a function each too.

20200414

 - Change: Health check use of netcat scrapped. Causing log spam on certain containers. Now using netstat to check if listening port open

20200313

 - Change: Log now displays OS version

20200228

 - Change: nzbToMedia installation to working as expected. Now installs and configures sections OK

20200212

 - Change: Healthcheck now checks that the WebGUIs are responding on ports 8080 and 9090

20200209

 - Change: Installing the apk version of wget as the busybox version doesn't seem to close SSL connections correctly when healthcheck run... Loads defunct connections appearing inside container

20200208

 - Change: Changed from CMD based launching to ENTRYPOINT
 - Change: Now uses exec to lauch SABnzbd so it inherits PID of parent
